
> @sill/web@ lint /Users/tylerfisher/src/sill/packages/web
> biome check

/Users/tylerfisher/src/sill/packages/web/package.json format ━━━━━━━━━━━━━━━━━━━━━━━━━━━━━━━━━━━━━━━

  × Formatter would have printed the following content:
  
     1  1 │   {
     2    │ - ··"name":·"@sill/web",
     3    │ - ··"private":·true,
     4    │ - ··"sideEffects":·false,
     5    │ - ··"type":·"module",
     6    │ - ··"scripts":·{
     7    │ - ····"build":·"NODE_ENV=production·react-router·build",
     8    │ - ····"dev":·"NODE_ENV=development·react-router·dev·--host",
     9    │ - ····"dev:local":·"NODE_ENV=development·react-router·dev·--host",
    10    │ - ····"generate-secrets":·"sh·../../scripts/generate-secrets.sh",
    11    │ - ····"lint":·"biome·check",
    12    │ - ····"start":·"react-router-serve·./build/server/index.js",
    13    │ - ····"typecheck":·"react-router·typegen·&&·tsc",
    14    │ - ····"test":·"vitest"
    15    │ - ··},
    16    │ - ··"dependencies":·{
    17    │ - ····"@conform-to/react":·"^1.2.2",
    18    │ - ····"@conform-to/zod":·"^1.2.2",
    19    │ - ····"@epic-web/client-hints":·"^1.3.5",
    20    │ - ····"@epic-web/invariant":·"^1.0.0",
    21    │ - ····"@polar-sh/checkout":·"^0.1.11",
    22    │ - ····"@polar-sh/remix":·"^0.3.0",
    23    │ - ····"@polar-sh/sdk":·"^0.34.2",
    24    │ - ····"@radix-ui/react-collapsible":·"^1.1.1",
    25    │ - ····"@radix-ui/themes":·"^3.1.4",
    26    │ - ····"@react-router/node":·"^7.7.0",
    27    │ - ····"@react-router/serve":·"^7.7.0",
    28    │ - ····"@sill/api":·"workspace:*",
    29    │ - ····"@sill/schema":·"workspace:*",
    30    │ - ····"@types/jsdom":·"^21.1.7",
    31    │ - ····"cookie":·"^1.0.1",
    32    │ - ····"dotenv":·"^16.4.5",
    33    │ - ····"form-data":·"^4.0.1",
    34    │ - ····"hono":·"^4.6.14",
    35    │ - ····"input-otp":·"^1.2.4",
    36    │ - ····"isbot":·"^5.1.17",
    37    │ - ····"javascript-time-ago":·"^2.5.11",
    38    │ - ····"lucide-react":·"^0.453.0",
    39    │ - ····"masto":·"^6.8.0",
    40    │ - ····"node-html-markdown":·"^1.3.0",
    41    │ - ····"node-html-parser":·"^7.0.1",
    42    │ - ····"object.groupby":·"^1.0.3",
    43    │ - ····"open-graph-scraper-lite":·"^2.1.0",
    44    │ - ····"qrcode":·"^1.5.4",
    45    │ - ····"react":·"^18.2.0",
    46    │ - ····"react-copy-to-clipboard":·"^5.1.0",
    47    │ - ····"react-dom":·"^18.2.0",
    48    │ - ····"react-router":·"^7.7.0",
    49    │ - ····"react-scrollama":·"^2.3.3",
    50    │ - ····"react-tweet":·"^3.2.1",
    51    │ - ····"react-youtube":·"^10.1.0",
    52    │ - ····"remix-utils":·"^8.0.0",
    53    │ - ····"ts-debounce":·"^4.0.0",
    54    │ - ····"usehooks-ts":·"^3.1.0",
    55    │ - ····"uuidv7-js":·"^1.1.4",
    56    │ - ····"zod":·"^3.23.8"
    57    │ - ··},
    58    │ - ··"devDependencies":·{
    59    │ - ····"@biomejs/biome":·"1.9.0",
    60    │ - ····"@react-router/dev":·"^7.7.0",
    61    │ - ····"@types/object.groupby":·"^1.0.4",
    62    │ - ····"@types/qrcode":·"^1.5.5",
    63    │ - ····"@types/react":·"^18.2.20",
    64    │ - ····"@types/react-copy-to-clipboard":·"^5.0.7",
    65    │ - ····"@types/react-dom":·"^18.2.7",
    66    │ - ····"@vitejs/plugin-react":·"^4.3.1",
    67    │ - ····"autoprefixer":·"^10.4.19",
    68    │ - ····"happy-dom":·"^15.7.4",
    69    │ - ····"postcss":·"^8.4.38",
    70    │ - ····"tsx":·"^4.19.2",
    71    │ - ····"typescript":·"^5.1.6",
    72    │ - ····"vite":·"^5.1.0",
    73    │ - ····"vite-tsconfig-paths":·"^4.2.1",
    74    │ - ····"vitest":·"^2.1.1"
    75    │ - ··},
    76    │ - ··"engines":·{
    77    │ - ····"node":·">=22.0.0"
    78    │ - ··},
    79    │ - ··"postcss":·{
    80    │ - ····"plugins":·{
    81    │ - ······"autoprefixer":·{}
    82    │ - ····}
    83    │ - ··},
    84    │ - ··"optionalDependencies":·{
    85    │ - ····"@rollup/rollup-linux-x64-gnu":·"4.9.5"
    86    │ - ··},
    87    │ - ··"_moduleAliases":·{
    88    │ - ····"~":·"build/app"
    89    │ - ··}
    90    │ - }
        2 │ + → "name":·"@sill/web",
        3 │ + → "private":·true,
        4 │ + → "sideEffects":·false,
        5 │ + → "type":·"module",
        6 │ + → "scripts":·{
        7 │ + → → "build":·"NODE_ENV=production·react-router·build",
        8 │ + → → "dev":·"NODE_ENV=development·react-router·dev·--host",
        9 │ + → → "dev:local":·"NODE_ENV=development·react-router·dev·--host",
       10 │ + → → "generate-secrets":·"sh·../../scripts/generate-secrets.sh",
       11 │ + → → "lint":·"biome·check",
       12 │ + → → "start":·"react-router-serve·./build/server/index.js",
       13 │ + → → "typecheck":·"react-router·typegen·&&·tsc",
       14 │ + → → "test":·"vitest"
       15 │ + → },
       16 │ + → "dependencies":·{
       17 │ + → → "@conform-to/react":·"^1.2.2",
       18 │ + → → "@conform-to/zod":·"^1.2.2",
       19 │ + → → "@epic-web/client-hints":·"^1.3.5",
       20 │ + → → "@epic-web/invariant":·"^1.0.0",
       21 │ + → → "@polar-sh/checkout":·"^0.1.11",
       22 │ + → → "@polar-sh/remix":·"^0.3.0",
       23 │ + → → "@polar-sh/sdk":·"^0.34.2",
       24 │ + → → "@radix-ui/react-collapsible":·"^1.1.1",
       25 │ + → → "@radix-ui/themes":·"^3.1.4",
       26 │ + → → "@react-router/node":·"^7.7.0",
       27 │ + → → "@react-router/serve":·"^7.7.0",
       28 │ + → → "@sill/api":·"workspace:*",
       29 │ + → → "@sill/schema":·"workspace:*",
       30 │ + → → "@types/jsdom":·"^21.1.7",
       31 │ + → → "cookie":·"^1.0.1",
       32 │ + → → "dotenv":·"^16.4.5",
       33 │ + → → "form-data":·"^4.0.1",
       34 │ + → → "hono":·"^4.6.14",
       35 │ + → → "input-otp":·"^1.2.4",
       36 │ + → → "isbot":·"^5.1.17",
       37 │ + → → "javascript-time-ago":·"^2.5.11",
       38 │ + → → "lucide-react":·"^0.453.0",
       39 │ + → → "masto":·"^6.8.0",
       40 │ + → → "node-html-markdown":·"^1.3.0",
       41 │ + → → "node-html-parser":·"^7.0.1",
       42 │ + → → "object.groupby":·"^1.0.3",
       43 │ + → → "open-graph-scraper-lite":·"^2.1.0",
       44 │ + → → "qrcode":·"^1.5.4",
       45 │ + → → "react":·"^18.2.0",
       46 │ + → → "react-copy-to-clipboard":·"^5.1.0",
       47 │ + → → "react-dom":·"^18.2.0",
       48 │ + → → "react-router":·"^7.7.0",
       49 │ + → → "react-scrollama":·"^2.3.3",
       50 │ + → → "react-tweet":·"^3.2.1",
       51 │ + → → "react-youtube":·"^10.1.0",
       52 │ + → → "remix-utils":·"^8.0.0",
       53 │ + → → "ts-debounce":·"^4.0.0",
       54 │ + → → "usehooks-ts":·"^3.1.0",
       55 │ + → → "uuidv7-js":·"^1.1.4",
       56 │ + → → "zod":·"^3.23.8"
       57 │ + → },
       58 │ + → "devDependencies":·{
       59 │ + → → "@biomejs/biome":·"1.9.0",
       60 │ + → → "@react-router/dev":·"^7.7.0",
       61 │ + → → "@types/object.groupby":·"^1.0.4",
  30 more lines truncated
  

/Users/tylerfisher/src/sill/packages/web/tsconfig.json format ━━━━━━━━━━━━━━━━━━━━━━━━━━━━━━━━━━━━━━

  × Formatter would have printed the following content:
  
     1  1 │   {
     2    │ - → "references":·[
     3    │ - → → {·"path":·"../api"·}
     4    │ - → ],
        2 │ + → "references":·[{·"path":·"../api"·}],
     5  3 │   	"include": [
     6  4 │   		"**/*.ts",
  

/Users/tylerfisher/src/sill/packages/web/app/components/download/WelcomeContent.tsx organizeImports ━━━━━━━━━━

  × Import statements could be sorted:
  
     1  1 │   import { Box, Grid } from "@radix-ui/themes";
     2    │ - import·PageHeading·from·"~/components/nav/PageHeading";
     3    │ - import·type·{·SubscriptionStatus·}·from·"@sill/schema";
        2 │ + import·type·{·SubscriptionStatus·}·from·"@sill/schema";
        3 │ + import·PageHeading·from·"~/components/nav/PageHeading";
     4  4 │   import ActionCard from "./ActionCard";
     5  5 │   
  

/Users/tylerfisher/src/sill/packages/web/react-router.config.ts format ━━━━━━━━━━━━━━━━━━━━━━━━━━━━━

  × Formatter would have printed the following content:
  
    5 5 │   		unstable_middleware: true,
    6 6 │   	},
    7   │ - }·satisfies·Config;
      7 │ + }·satisfies·Config;
      8 │ + 
  

/Users/tylerfisher/src/sill/packages/web/app/components/forms/BlueskyConnectForm.tsx organizeImports ━━━━━━━━━━

  × Import statements could be sorted:
  
     10  10 │   	TextField,
     11  11 │   } from "@radix-ui/themes";
     12     │ - import·{·ChevronDown,·CircleAlert·}·from·"lucide-react";
     13     │ - import·{·Form·}·from·"react-router";
     14     │ - import·type·{·blueskyAccount,·SubscriptionStatus·}·from·"@sill/schema";
         12 │ + import·type·{·SubscriptionStatus,·blueskyAccount·}·from·"@sill/schema";
         13 │ + import·{·ChevronDown,·CircleAlert·}·from·"lucide-react";
         14 │ + import·{·Form·}·from·"react-router";
     15  15 │   import type { ListOption } from "./ListSwitch";
     16  16 │   import Lists from "./Lists";
  

/Users/tylerfisher/src/sill/packages/web/app/components/forms/EmailSettingsForm.tsx organizeImports ━━━━━━━━━━

  × Import statements could be sorted:
  
     12  12 │   	TextField,
     13  13 │   } from "@radix-ui/themes";
     14     │ - import·{·useState·}·from·"react";
     15     │ - import·{·Form,·Link,·useFetcher·}·from·"react-router";
     16     │ - import·type·{·digestSettings·}·from·"@sill/schema";
         14 │ + import·type·{·digestSettings·}·from·"@sill/schema";
         15 │ + import·{·useState·}·from·"react";
         16 │ + import·{·Form,·Link,·useFetcher·}·from·"react-router";
     17  17 │   import { EmailSettingsSchema, type action } from "~/routes/email/add";
     18  18 │   import CopyLink from "../linkPosts/CopyLink";
  

/Users/tylerfisher/src/sill/packages/web/app/components/forms/ListSwitch.tsx organizeImports ━━━━━━━━━━

  × Import statements could be sorted:
  
     1  1 │   import { Flex, Spinner, Switch, Text } from "@radix-ui/themes";
     2    │ - import·{·useState·}·from·"react";
     3    │ - import·type·{·useFetcher·}·from·"react-router";
     4    │ - import·type·{·blueskyAccount,·mastodonAccount·}·from·"@sill/schema";
        2 │ + import·type·{·blueskyAccount,·mastodonAccount·}·from·"@sill/schema";
        3 │ + import·{·useState·}·from·"react";
        4 │ + import·type·{·useFetcher·}·from·"react-router";
     5  5 │   
     6  6 │   export interface ListOption {
  

/Users/tylerfisher/src/sill/packages/web/app/utils/verify.server.ts:2:1 lint/style/useImportType  FIXABLE  ━━━━━━━━━━

  × All these imports are only used as types.
  
    1 │ import type { Submission } from "@conform-to/react";
  > 2 │ import { z } from "zod";
      │ ^^^^^^^^^^^^^^^^^^^^^^^^
    3 │ import { VerifySchema } from "~/routes/accounts/verify";
    4 │ 
  
  i Importing the types with import type ensures that they are removed by the transpilers and avoids loading unnecessary modules.
  
  i Safe fix: Use import type.
  
    2 │ import·type·{·z·}·from·"zod";
      │        +++++                 

/Users/tylerfisher/src/sill/packages/web/app/utils/verify.server.ts:3:1 lint/style/useImportType  FIXABLE  ━━━━━━━━━━

  × All these imports are only used as types.
  
    1 │ import type { Submission } from "@conform-to/react";
    2 │ import { z } from "zod";
  > 3 │ import { VerifySchema } from "~/routes/accounts/verify";
      │ ^^^^^^^^^^^^^^^^^^^^^^^^^^^^^^^^^^^^^^^^^^^^^^^^^^^^^^^^
    4 │ 
    5 │ export type VerifyFunctionArgs = {
  
  i Importing the types with import type ensures that they are removed by the transpilers and avoids loading unnecessary modules.
  
  i Safe fix: Use import type.
  
    3 │ import·type·{·VerifySchema·}·from·"~/routes/accounts/verify";
      │        +++++                                                 

/Users/tylerfisher/src/sill/packages/web/app/utils/verify.server.ts format ━━━━━━━━━━━━━━━━━━━━━━━━━

  × Formatter would have printed the following content:
  
     4  4 │   
     5  5 │   export type VerifyFunctionArgs = {
     6    │ - ··request:·Request;
     7    │ - ··submission:·Submission<
     8    │ - ····z.input<typeof·VerifySchema>,
     9    │ - ····string[],
    10    │ - ····z.output<typeof·VerifySchema>
    11    │ - ··>;
    12    │ - ··body:·FormData·|·URLSearchParams;
        6 │ + → request:·Request;
        7 │ + → submission:·Submission<
        8 │ + → → z.input<typeof·VerifySchema>,
        9 │ + → → string[],
       10 │ + → → z.output<typeof·VerifySchema>
       11 │ + → >;
       12 │ + → body:·FormData·|·URLSearchParams;
    13 13 │   };
    14 14 │   
  

/Users/tylerfisher/src/sill/packages/web/app/components/forms/LinkFilters.tsx organizeImports ━━━━━━━━━━

  × Import statements could be sorted:
  
      1   1 │   import { Box, Button, Flex } from "@radix-ui/themes";
      2     │ - import·{·Form,·useSearchParams·}·from·"react-router";
          2 │ + import·type·{·list·}·from·"@sill/schema";
          3 │ + import·{·Form,·useSearchParams·}·from·"react-router";
      3   4 │   import FilterButtonGroup, {
      4   5 │   	type ButtonGroup,
      5     │ - }·from·"~/components/forms/FilterButtonGroup";
      6     │ - import·type·{·list·}·from·"@sill/schema";
          6 │ + }·from·"~/components/forms/FilterButtonGroup";
      7   7 │   import { useFilterStorage } from "~/hooks/useFilterStorage";
      8   8 │   import { getCustomizedFilters } from "~/utils/filterUtils";
  

/Users/tylerfisher/src/sill/packages/web/app/components/forms/NotificationForm.tsx organizeImports ━━━━━━━━━━

  × Import statements could be sorted:
  
      1   1 │   import type { SubmissionResult } from "@conform-to/react";
      2   2 │   import { Box, Button, Flex, Text } from "@radix-ui/themes";
      3     │ - import·{·uuidv7·}·from·"uuidv7-js";
      4     │ - import·type·{·list·}·from·"@sill/schema";
          3 │ + import·type·{·list·}·from·"@sill/schema";
          4 │ + import·{·uuidv7·}·from·"uuidv7-js";
      5   5 │   import {
      6   6 │   	useNotifications,
  

/Users/tylerfisher/src/sill/packages/web/app/components/forms/NotificationQueryItem.tsx organizeImports ━━━━━━━━━━

  × Import statements could be sorted:
  
      1   1 │   import { Box, Flex, IconButton, Select, TextField } from "@radix-ui/themes";
      2     │ - import·{·X·}·from·"lucide-react";
      3     │ - import·{·useEffect,·useState·}·from·"react";
      4     │ - import·type·{·list·}·from·"@sill/schema";
          2 │ + import·type·{·list·}·from·"@sill/schema";
          3 │ + import·{·X·}·from·"lucide-react";
          4 │ + import·{·useEffect,·useState·}·from·"react";
      5   5 │   
      6   6 │   interface NotificationCategory {
  

/Users/tylerfisher/src/sill/packages/web/app/components/forms/Lists.tsx organizeImports ━━━━━━━━━━━━

  × Import statements could be sorted:
  
     1  1 │   import { Box, Callout, Flex, Heading, Link, Text } from "@radix-ui/themes";
     2    │ - import·{·CircleAlert·}·from·"lucide-react";
        2 │ + import·type·{·AccountWithInstance,·SubscriptionStatus,·blueskyAccount·}·from·"@sill/schema";
        3 │ + import·{·CircleAlert·}·from·"lucide-react";
     3  4 │   import { useFetcher } from "react-router";
     4    │ - import·SubscriptionCallout·from·"~/components/subscription/SubscriptionCallout";
     5    │ - import·type·{·blueskyAccount,·SubscriptionStatus,·AccountWithInstance·}·from·"@sill/schema";
        5 │ + import·SubscriptionCallout·from·"~/components/subscription/SubscriptionCallout";
     6  6 │   import ListSwitch, { type ListOption } from "./ListSwitch";
     7  7 │   
  

/Users/tylerfisher/src/sill/packages/web/app/components/forms/Lists.tsx format ━━━━━━━━━━━━━━━━━━━━━

  × Formatter would have printed the following content:
  
     3  3 │   import { useFetcher } from "react-router";
     4  4 │   import SubscriptionCallout from "~/components/subscription/SubscriptionCallout";
     5    │ - import·type·{·blueskyAccount,·SubscriptionStatus,·AccountWithInstance·}·from·"@sill/schema";
        5 │ + import·type·{
        6 │ + → blueskyAccount,
        7 │ + → SubscriptionStatus,
        8 │ + → AccountWithInstance,
        9 │ + }·from·"@sill/schema";
     6 10 │   import ListSwitch, { type ListOption } from "./ListSwitch";
     7 11 │   
  

/Users/tylerfisher/src/sill/packages/web/app/components/forms/MastodonConnectForm.tsx organizeImports ━━━━━━━━━━

  × Import statements could be sorted:
  
      8   8 │   	TextField,
      9   9 │   } from "@radix-ui/themes";
     10     │ - import·{·CircleAlert·}·from·"lucide-react";
     11     │ - import·{·Form·}·from·"react-router";
     12     │ - import·type·{·SubscriptionStatus,·AccountWithInstance·}·from·"@sill/schema";
         10 │ + import·type·{·AccountWithInstance,·SubscriptionStatus·}·from·"@sill/schema";
         11 │ + import·{·CircleAlert·}·from·"lucide-react";
         12 │ + import·{·Form·}·from·"react-router";
     13  13 │   import type { ListOption } from "./ListSwitch";
     14  14 │   import Lists from "./Lists";
  

/Users/tylerfisher/src/sill/packages/web/app/components/forms/NotificationGroup.tsx organizeImports ━━━━━━━━━━

  × Import statements could be sorted:
  
     16  16 │   	TextField,
     17  17 │   } from "@radix-ui/themes";
     18     │ - import·{·Plus·}·from·"lucide-react";
     19     │ - import·{·useState·}·from·"react";
     20     │ - import·{·Form,·useFetcher·}·from·"react-router";
     21     │ - import·type·{·list·}·from·"@sill/schema";
         18 │ + import·type·{·list·}·from·"@sill/schema";
         19 │ + import·{·Plus·}·from·"lucide-react";
         20 │ + import·{·useState·}·from·"react";
         21 │ + import·{·Form,·useFetcher·}·from·"react-router";
     22  22 │   import { NotificationSchema } from "~/routes/notifications";
     23  23 │   import { useNotificationsDispatch } from "../contexts/NotificationsContext";
  

/Users/tylerfisher/src/sill/packages/web/app/components/linkPosts/LinksList.tsx organizeImports ━━━━━━━━━━

  × Import statements could be sorted:
  
     1  1 │   import { Box, Separator } from "@radix-ui/themes";
     2    │ - import·LinkPostRep·from·"~/components/linkPosts/LinkPostRep";
     3    │ - import·type·{·bookmark,·MostRecentLinkPosts·}·from·"@sill/schema";
     4    │ - import·{·useLayout·}·from·"~/routes/resources/layout-switch";
     5    │ - import·type·{·SubscriptionStatus·}·from·"@sill/schema";
        2 │ + import·type·{·MostRecentLinkPosts,·bookmark·}·from·"@sill/schema";
        3 │ + import·type·{·SubscriptionStatus·}·from·"@sill/schema";
        4 │ + import·LinkPostRep·from·"~/components/linkPosts/LinkPostRep";
        5 │ + import·{·useLayout·}·from·"~/routes/resources/layout-switch";
     6  6 │   
     7  7 │   interface LinksListProps {
  

/Users/tylerfisher/src/sill/packages/web/app/components/linkPosts/LinkRep.tsx organizeImports ━━━━━━━━━━

  × Import statements could be sorted:
  
      1   1 │   import { Box, Card, Inset } from "@radix-ui/themes";
      2     │ - import·{·useClientMetadata·}·from·"~/hooks/useClientMetadata";
      3     │ - import·{·useTheme·}·from·"~/routes/resources/theme-switch";
      4     │ - import·type·{·MostRecentLinkPosts,·SubscriptionStatus·}·from·"@sill/schema";
          2 │ + import·type·{·MostRecentLinkPosts,·SubscriptionStatus·}·from·"@sill/schema";
          3 │ + import·{·useClientMetadata·}·from·"~/hooks/useClientMetadata";
          4 │ + import·{·useTheme·}·from·"~/routes/resources/theme-switch";
      5   5 │   import styles from "./LinkRep.module.css";
      6   6 │   import ToolDropdown from "./ToolDropdown";
  

/Users/tylerfisher/src/sill/packages/web/app/components/linkPosts/PostAuthor.tsx organizeImports ━━━━━━━━━━

  × Import statements could be sorted:
  
     1  1 │   import { Link, Text } from "@radix-ui/themes";
     2    │ - import·TimeAgo·from·"javascript-time-ago";
     3    │ - import·en·from·"javascript-time-ago/locale/en";
     4    │ - import·type·{·linkPostDenormalized·}·from·"@sill/schema";
        2 │ + import·type·{·linkPostDenormalized·}·from·"@sill/schema";
        3 │ + import·TimeAgo·from·"javascript-time-ago";
        4 │ + import·en·from·"javascript-time-ago/locale/en";
     5  5 │   
     6  6 │   TimeAgo.addDefaultLocale(en);
  

Skipped 65 suggested fixes.
If you wish to apply the suggested (unsafe) fixes, use the command biome check --fix --unsafe

The number of diagnostics exceeds the number allowed by Biome.
Diagnostics not shown: 92.
Checked 194 files in 59ms. No fixes applied.
Found 112 errors.
check ━━━━━━━━━━━━━━━━━━━━━━━━━━━━━━━━━━━━━━━━━━━━━━━━━━━━━━━━━━━━━━━━━━━━━━━━━━━━━━━━━━━━━━━━━━━━━━

  × Some errors were emitted while running checks.
  

 ELIFECYCLE  Command failed with exit code 1.
